
=== Mon Feb 17 13:40:47 2020

Packages were changed.
Update Mode: mergeDefaultDependencies

The following packages were added:
  com.unity.package-manager-ui@2.2.0
  com.unity.ext.nunit@1.0.0
  com.unity.test-framework@1.0.13
  com.unity.ide.vscode@1.1.0
  com.unity.ide.rider@1.1.0
  com.unity.ugui@1.0.0
  com.unity.modules.androidjni@1.0.0
The following packages were updated:
  com.unity.collab-proxy from version 1.2.9 to 1.2.16
  com.unity.textmeshpro from version 2.0.0 to 2.0.1
  com.unity.timeline from version 0.0.0-builtin to 1.1.0

=== Sat Jan 22 09:55:09 2022

Packages were changed.
Update Mode: updateDependencies

The following packages were added:
  com.unity.ide.visualstudio@2.0.2
The following packages were updated:
  com.unity.collab-proxy from version 1.2.16 to 1.3.8
  com.unity.ide.rider from version 1.1.0 to 1.2.1
  com.unity.ide.vscode from version 1.1.0 to 1.2.1
  com.unity.test-framework from version 1.0.13 to 1.1.14
  com.unity.textmeshpro from version 2.0.1 to 3.0.0-preview.1
  com.unity.timeline from version 1.1.0 to 1.2.6
The following packages were removed:
  com.unity.package-manager-ui@2.2.0

=== Wed May  4 19:53:09 2022

Packages were changed.
Update Mode: mergeDefaultDependencies

The following packages were added:
  com.unity.2d.tilemap@1.0.0
  com.unity.analytics@3.6.11
  com.unity.burst@1.6.1
  com.unity.inputsystem@1.2.0
  com.unity.postprocessing@3.2.0
The following packages were updated:
  com.unity.ide.rider from version 1.2.1 to 3.0.7
  com.unity.test-framework from version 1.1.14 to 1.1.29
  com.unity.textmeshpro from version 3.0.0-preview.1 to 3.0.6
  com.unity.timeline from version 1.2.6 to 1.4.8

=== Fri May  6 18:03:08 2022

Packages were changed.
Update Mode: updateDependencies

The following packages were updated:
  com.unity.animation.rigging from version 0.3.4-preview to 1.0.3
  com.unity.collab-proxy from version 1.3.8 to 1.9.0
  com.unity.ext.nunit from version 1.0.0 to 1.0.6
  com.unity.ide.visualstudio from version 2.0.2 to 2.0.11
  com.unity.ide.vscode from version 1.2.1 to 1.2.4
  com.unity.probuilder from version 4.2.3 to 5.0.3
  com.unity.render-pipelines.universal from version 8.2.0 to 11.0.0
  com.unity.timeline from version 1.4.8 to 1.5.6
